# JRE version: OpenJDK Runtime Environment (17.0.7) (build 17.0.7+0-b2043.56-10550314)
# Java VM: OpenJDK 64-Bit Server VM (17.0.7+0-b2043.56-10550314, mixed mode, tiered, compressed oops, compressed class ptrs, g1 gc, windows-amd64)
GC Precious Log:
 CPUs: 12 total, 12 available
 Memory: 16106M
 Large Page Support: Disabled
 NUMA Support: Disabled
 Compressed Oops: Enabled (32-bit)
 Heap Region Size: 1M
 Heap Min Capacity: 8M
 Heap Initial Capacity: 252M
 Heap Max Capacity: 2G
 Pre-touch: Disabled
 Parallel Workers: 10
 Concurrent Workers: 3
 Concurrent Refinement Workers: 10
 Periodic GC: Disabled
Heap:
 garbage-first heap   total 179200K, used 85137K [0x0000000080000000, 0x0000000100000000)
  region size 1024K, 11 young (11264K), 4 survivors (4096K)
 Metaspace       used 82278K, committed 82880K, reserved 1179648K
  class space    used 11026K, committed 11328K, reserved 1048576K
GC Heap History (20 events):
Event: 9.051 GC heap before
{Heap before GC invocations=20 (full 0):
 garbage-first heap   total 86016K, used 58899K [0x0000000080000000, 0x0000000100000000)
  region size 1024K, 18 young (18432K), 2 survivors (2048K)
 Metaspace       used 65736K, committed 66240K, reserved 1114112K
  class space    used 8781K, committed 9024K, reserved 1048576K
}
Event: 9.052 GC heap after
{Heap after GC invocations=21 (full 0):
 garbage-first heap   total 86016K, used 44427K [0x0000000080000000, 0x0000000100000000)
  region size 1024K, 3 young (3072K), 3 survivors (3072K)
 Metaspace       used 65736K, committed 66240K, reserved 1114112K
  class space    used 8781K, committed 9024K, reserved 1048576K
}
Event: 9.488 GC heap before
{Heap before GC invocations=22 (full 0):
 garbage-first heap   total 86016K, used 76171K [0x0000000080000000, 0x0000000100000000)
  region size 1024K, 23 young (23552K), 3 survivors (3072K)
 Metaspace       used 66628K, committed 67136K, reserved 1114112K
  class space    used 8908K, committed 9152K, reserved 1048576K
}
Event: 9.491 GC heap after
{Heap after GC invocations=23 (full 0):
 garbage-first heap   total 90112K, used 64158K [0x0000000080000000, 0x0000000100000000)
  region size 1024K, 4 young (4096K), 4 survivors (4096K)
 Metaspace       used 66628K, committed 67136K, reserved 1114112K
  class space    used 8908K, committed 9152K, reserved 1048576K
}
Event: 9.499 GC heap before
{Heap before GC invocations=23 (full 0):
 garbage-first heap   total 90112K, used 65182K [0x0000000080000000, 0x0000000100000000)
  region size 1024K, 5 young (5120K), 4 survivors (4096K)
 Metaspace       used 66722K, committed 67264K, reserved 1114112K
  class space    used 8910K, committed 9152K, reserved 1048576K
}
Event: 9.500 GC heap after
{Heap after GC invocations=24 (full 0):
 garbage-first heap   total 90112K, used 64283K [0x0000000080000000, 0x0000000100000000)
  region size 1024K, 1 young (1024K), 1 survivors (1024K)
 Metaspace       used 66722K, committed 67264K, reserved 1114112K
  class space    used 8910K, committed 9152K, reserved 1048576K
}
Event: 9.536 GC heap before
{Heap before GC invocations=24 (full 0):
 garbage-first heap   total 90112K, used 66331K [0x0000000080000000, 0x0000000100000000)
  region size 1024K, 5 young (5120K), 1 survivors (1024K)
 Metaspace       used 66942K, committed 67520K, reserved 1114112K
  class space    used 8931K, committed 9216K, reserved 1048576K
}
Event: 9.537 GC heap after
{Heap after GC invocations=25 (full 0):
 garbage-first heap   total 90112K, used 64591K [0x0000000080000000, 0x0000000100000000)
  region size 1024K, 1 young (1024K), 1 survivors (1024K)
 Metaspace       used 66942K, committed 67520K, reserved 1114112K
  class space    used 8931K, committed 9216K, reserved 1048576K
}
Event: 9.666 GC heap before
{Heap before GC invocations=26 (full 0):
 garbage-first heap   total 114688K, used 76879K [0x0000000080000000, 0x0000000100000000)
  region size 1024K, 12 young (12288K), 1 survivors (1024K)
 Metaspace       used 67917K, committed 68480K, reserved 1114112K
  class space    used 9081K, committed 9344K, reserved 1048576K
}
Event: 9.667 GC heap after
{Heap after GC invocations=27 (full 0):
 garbage-first heap   total 114688K, used 66014K [0x0000000080000000, 0x0000000100000000)
  region size 1024K, 1 young (1024K), 1 survivors (1024K)
 Metaspace       used 67917K, committed 68480K, reserved 1114112K
  class space    used 9081K, committed 9344K, reserved 1048576K
}
Event: 9.699 GC heap before
{Heap before GC invocations=27 (full 0):
 garbage-first heap   total 114688K, used 70110K [0x0000000080000000, 0x0000000100000000)
  region size 1024K, 5 young (5120K), 1 survivors (1024K)
 Metaspace       used 68289K, committed 68800K, reserved 1114112K
  class space    used 9139K, committed 9408K, reserved 1048576K
}
Event: 9.700 GC heap after
{Heap after GC invocations=28 (full 0):
 garbage-first heap   total 114688K, used 65669K [0x0000000080000000, 0x0000000100000000)
  region size 1024K, 1 young (1024K), 1 survivors (1024K)
 Metaspace       used 68289K, committed 68800K, reserved 1114112K
  class space    used 9139K, committed 9408K, reserved 1048576K
}
Event: 10.001 GC heap before
{Heap before GC invocations=28 (full 0):
 garbage-first heap   total 114688K, used 89221K [0x0000000080000000, 0x0000000100000000)
  region size 1024K, 25 young (25600K), 1 survivors (1024K)
 Metaspace       used 70839K, committed 71424K, reserved 1114112K
  class space    used 9436K, committed 9728K, reserved 1048576K
}
Event: 10.003 GC heap after
{Heap after GC invocations=29 (full 0):
 garbage-first heap   total 179200K, used 66336K [0x0000000080000000, 0x0000000100000000)
  region size 1024K, 2 young (2048K), 2 survivors (2048K)
 Metaspace       used 70839K, committed 71424K, reserved 1114112K
  class space    used 9436K, committed 9728K, reserved 1048576K
}
Event: 10.729 GC heap before
{Heap before GC invocations=30 (full 0):
 garbage-first heap   total 179200K, used 135968K [0x0000000080000000, 0x0000000100000000)
  region size 1024K, 64 young (65536K), 2 survivors (2048K)
 Metaspace       used 76576K, committed 77184K, reserved 1179648K
  class space    used 10249K, committed 10560K, reserved 1048576K
}
Event: 10.732 GC heap after
{Heap after GC invocations=31 (full 0):
 garbage-first heap   total 179200K, used 71410K [0x0000000080000000, 0x0000000100000000)
  region size 1024K, 7 young (7168K), 7 survivors (7168K)
 Metaspace       used 76576K, committed 77184K, reserved 1179648K
  class space    used 10249K, committed 10560K, reserved 1048576K
}
Event: 10.739 GC heap before
{Heap before GC invocations=31 (full 0):
 garbage-first heap   total 179200K, used 72434K [0x0000000080000000, 0x0000000100000000)
  region size 1024K, 8 young (8192K), 7 survivors (7168K)
 Metaspace       used 76638K, committed 77248K, reserved 1179648K
  class space    used 10255K, committed 10560K, reserved 1048576K
}
Event: 10.742 GC heap after
{Heap after GC invocations=32 (full 0):
 garbage-first heap   total 179200K, used 71874K [0x0000000080000000, 0x0000000100000000)
  region size 1024K, 1 young (1024K), 1 survivors (1024K)
 Metaspace       used 76638K, committed 77248K, reserved 1179648K
  class space    used 10255K, committed 10560K, reserved 1048576K
}
Event: 11.414 GC heap before
{Heap before GC invocations=32 (full 0):
 garbage-first heap   total 179200K, used 138434K [0x0000000080000000, 0x0000000100000000)
  region size 1024K, 66 young (67584K), 1 survivors (1024K)
 Metaspace       used 81783K, committed 82432K, reserved 1179648K
  class space    used 10958K, committed 11264K, reserved 1048576K
}
Event: 11.416 GC heap after
{Heap after GC invocations=33 (full 0):
 garbage-first heap   total 179200K, used 74897K [0x0000000080000000, 0x0000000100000000)
  region size 1024K, 4 young (4096K), 4 survivors (4096K)
 Metaspace       used 81783K, committed 82432K, reserved 1179648K
  class space    used 10958K, committed 11264K, reserved 1048576K
}

