# JRE version: OpenJDK Runtime Environment (17.0.7) (build 17.0.7+0-b2043.56-10550314)
# Java VM: OpenJDK 64-Bit Server VM (17.0.7+0-b2043.56-10550314, mixed mode, tiered, compressed oops, compressed class ptrs, g1 gc, windows-amd64)
GC Precious Log:
 CPUs: 12 total, 12 available
 Memory: 16106M
 Large Page Support: Disabled
 NUMA Support: Disabled
 Compressed Oops: Enabled (32-bit)
 Heap Region Size: 1M
 Heap Min Capacity: 8M
 Heap Initial Capacity: 252M
 Heap Max Capacity: 2G
 Pre-touch: Disabled
 Parallel Workers: 10
 Concurrent Workers: 3
 Concurrent Refinement Workers: 10
 Periodic GC: Disabled
Heap:
 garbage-first heap   total 306176K, used 147390K [0x0000000080000000, 0x0000000100000000)
  region size 1024K, 2 young (2048K), 2 survivors (2048K)
 Metaspace       used 123538K, committed 124480K, reserved 1179648K
  class space    used 17563K, committed 18048K, reserved 1048576K
GC Heap History (20 events):
Event: 9.806 GC heap after
{Heap after GC invocations=36 (full 0):
 garbage-first heap   total 262144K, used 130186K [0x0000000080000000, 0x0000000100000000)
  region size 1024K, 9 young (9216K), 9 survivors (9216K)
 Metaspace       used 100304K, committed 101120K, reserved 1179648K
  class space    used 13902K, committed 14272K, reserved 1048576K
}
Event: 10.382 GC heap before
{Heap before GC invocations=36 (full 0):
 garbage-first heap   total 262144K, used 202890K [0x0000000080000000, 0x0000000100000000)
  region size 1024K, 81 young (82944K), 9 survivors (9216K)
 Metaspace       used 103275K, committed 104064K, reserved 1179648K
  class space    used 14275K, committed 14656K, reserved 1048576K
}
Event: 10.389 GC heap after
{Heap after GC invocations=37 (full 0):
 garbage-first heap   total 262144K, used 134794K [0x0000000080000000, 0x0000000100000000)
  region size 1024K, 8 young (8192K), 8 survivors (8192K)
 Metaspace       used 103275K, committed 104064K, reserved 1179648K
  class space    used 14275K, committed 14656K, reserved 1048576K
}
Event: 20.915 GC heap before
{Heap before GC invocations=37 (full 0):
 garbage-first heap   total 262144K, used 205450K [0x0000000080000000, 0x0000000100000000)
  region size 1024K, 78 young (79872K), 8 survivors (8192K)
 Metaspace       used 105112K, committed 105920K, reserved 1179648K
  class space    used 14532K, committed 14912K, reserved 1048576K
}
Event: 20.921 GC heap after
{Heap after GC invocations=38 (full 0):
 garbage-first heap   total 262144K, used 138433K [0x0000000080000000, 0x0000000100000000)
  region size 1024K, 6 young (6144K), 6 survivors (6144K)
 Metaspace       used 105112K, committed 105920K, reserved 1179648K
  class space    used 14532K, committed 14912K, reserved 1048576K
}
Event: 21.754 GC heap before
{Heap before GC invocations=38 (full 0):
 garbage-first heap   total 262144K, used 214209K [0x0000000080000000, 0x0000000100000000)
  region size 1024K, 76 young (77824K), 6 survivors (6144K)
 Metaspace       used 107160K, committed 107968K, reserved 1179648K
  class space    used 14718K, committed 15104K, reserved 1048576K
}
Event: 21.761 GC heap after
{Heap after GC invocations=39 (full 0):
 garbage-first heap   total 262144K, used 146773K [0x0000000080000000, 0x0000000100000000)
  region size 1024K, 10 young (10240K), 10 survivors (10240K)
 Metaspace       used 107160K, committed 107968K, reserved 1179648K
  class space    used 14718K, committed 15104K, reserved 1048576K
}
Event: 21.973 GC heap before
{Heap before GC invocations=39 (full 0):
 garbage-first heap   total 262144K, used 181589K [0x0000000080000000, 0x0000000100000000)
  region size 1024K, 46 young (47104K), 10 survivors (10240K)
 Metaspace       used 108399K, committed 109248K, reserved 1179648K
  class space    used 14923K, committed 15360K, reserved 1048576K
}
Event: 21.978 GC heap after
{Heap after GC invocations=40 (full 0):
 garbage-first heap   total 262144K, used 150110K [0x0000000080000000, 0x0000000100000000)
  region size 1024K, 3 young (3072K), 3 survivors (3072K)
 Metaspace       used 108399K, committed 109248K, reserved 1179648K
  class space    used 14923K, committed 15360K, reserved 1048576K
}
Event: 22.620 GC heap before
{Heap before GC invocations=41 (full 0):
 garbage-first heap   total 262144K, used 206430K [0x0000000080000000, 0x0000000100000000)
  region size 1024K, 65 young (66560K), 3 survivors (3072K)
 Metaspace       used 115770K, committed 116608K, reserved 1179648K
  class space    used 16063K, committed 16512K, reserved 1048576K
}
Event: 22.623 GC heap after
{Heap after GC invocations=42 (full 0):
 garbage-first heap   total 262144K, used 147531K [0x0000000080000000, 0x0000000100000000)
  region size 1024K, 7 young (7168K), 7 survivors (7168K)
 Metaspace       used 115770K, committed 116608K, reserved 1179648K
  class space    used 16063K, committed 16512K, reserved 1048576K
}
Event: 22.651 GC heap before
{Heap before GC invocations=42 (full 0):
 garbage-first heap   total 262144K, used 152651K [0x0000000080000000, 0x0000000100000000)
  region size 1024K, 12 young (12288K), 7 survivors (7168K)
 Metaspace       used 116421K, committed 117248K, reserved 1179648K
  class space    used 16266K, committed 16704K, reserved 1048576K
}
Event: 22.654 GC heap after
{Heap after GC invocations=43 (full 0):
 garbage-first heap   total 262144K, used 144784K [0x0000000080000000, 0x0000000100000000)
  region size 1024K, 2 young (2048K), 2 survivors (2048K)
 Metaspace       used 116421K, committed 117248K, reserved 1179648K
  class space    used 16266K, committed 16704K, reserved 1048576K
}
Event: 22.997 GC heap before
{Heap before GC invocations=43 (full 0):
 garbage-first heap   total 262144K, used 212368K [0x0000000080000000, 0x0000000100000000)
  region size 1024K, 69 young (70656K), 2 survivors (2048K)
 Metaspace       used 122145K, committed 123008K, reserved 1179648K
  class space    used 17366K, committed 17792K, reserved 1048576K
}
Event: 23.001 GC heap after
{Heap after GC invocations=44 (full 0):
 garbage-first heap   total 262144K, used 147640K [0x0000000080000000, 0x0000000100000000)
  region size 1024K, 4 young (4096K), 4 survivors (4096K)
 Metaspace       used 122145K, committed 123008K, reserved 1179648K
  class space    used 17366K, committed 17792K, reserved 1048576K
}
Event: 23.150 GC heap before
{Heap before GC invocations=45 (full 0):
 garbage-first heap   total 306176K, used 216248K [0x0000000080000000, 0x0000000100000000)
  region size 1024K, 71 young (72704K), 4 survivors (4096K)
 Metaspace       used 122704K, committed 123648K, reserved 1179648K
  class space    used 17455K, committed 17920K, reserved 1048576K
}
Event: 23.153 GC heap after
{Heap after GC invocations=46 (full 0):
 garbage-first heap   total 306176K, used 148344K [0x0000000080000000, 0x0000000100000000)
  region size 1024K, 5 young (5120K), 5 survivors (5120K)
 Metaspace       used 122704K, committed 123648K, reserved 1179648K
  class space    used 17455K, committed 17920K, reserved 1048576K
}
Event: 23.165 GC heap before
{Heap before GC invocations=46 (full 0):
 garbage-first heap   total 306176K, used 157560K [0x0000000080000000, 0x0000000100000000)
  region size 1024K, 14 young (14336K), 5 survivors (5120K)
 Metaspace       used 122722K, committed 123648K, reserved 1179648K
  class space    used 17455K, committed 17920K, reserved 1048576K
}
Event: 23.168 GC heap after
{Heap after GC invocations=47 (full 0):
 garbage-first heap   total 306176K, used 146527K [0x0000000080000000, 0x0000000100000000)
  region size 1024K, 1 young (1024K), 1 survivors (1024K)
 Metaspace       used 122722K, committed 123648K, reserved 1179648K
  class space    used 17455K, committed 17920K, reserved 1048576K
}
Event: 23.299 GC heap before
{Heap before GC invocations=47 (full 0):
 garbage-first heap   total 306176K, used 250975K [0x0000000080000000, 0x0000000100000000)
  region size 1024K, 104 young (106496K), 1 survivors (1024K)
 Metaspace       used 123538K, committed 124480K, reserved 1179648K
  class space    used 17563K, committed 18048K, reserved 1048576K
}

